f:\编译原理上机\第三次上机--递归下降实现预测分析\第三次上机--递归下降实现预测分析\release\vc141.pdb
f:\编译原理上机\第三次上机--递归下降实现预测分析\第三次上机--递归下降实现预测分析\release\第三次上机--递归下降实现预测分析.obj
f:\编译原理上机\第三次上机--递归下降实现预测分析\第三次上机--递归下降实现预测分析\release\syntaticalananlyzer.obj
f:\编译原理上机\第三次上机--递归下降实现预测分析\第三次上机--递归下降实现预测分析\release\lexicalanalyzer.obj
f:\编译原理上机\第三次上机--递归下降实现预测分析\第三次上机--递归下降实现预测分析\release\buffer.obj
f:\编译原理上机\第三次上机--递归下降实现预测分析 - 副本\第三次上机--递归下降实现预测分析\release\vc141.pdb
f:\编译原理上机\第三次上机--递归下降实现预测分析 - 副本\第三次上机--递归下降实现预测分析\release\第三次上机--递归下降实现预测分析.obj
f:\编译原理上机\第三次上机--递归下降实现预测分析 - 副本\第三次上机--递归下降实现预测分析\release\syntaticalananlyzer.obj
f:\编译原理上机\第三次上机--递归下降实现预测分析 - 副本\第三次上机--递归下降实现预测分析\release\lexicalanalyzer.obj
f:\编译原理上机\第三次上机--递归下降实现预测分析 - 副本\第三次上机--递归下降实现预测分析\release\buffer.obj
f:\编译原理上机\第三次上机--递归下降实现预测分析\release\第三次上机--递归下降实现预测分析.exe
f:\编译原理上机\第三次上机--递归下降实现预测分析\release\第三次上机--递归下降实现预测分析.pdb
f:\编译原理上机\第三次上机--递归下降实现预测分析 - 副本\release\第三次上机--递归下降实现预测分析.ilk
f:\编译原理上机\第三次上机--递归下降实现预测分析 - 副本\release\第三次上机--递归下降实现预测分析.exe
f:\编译原理上机\第三次上机--递归下降实现预测分析 - 副本\release\第三次上机--递归下降实现预测分析.pdb
f:\编译原理上机\第三次上机--递归下降实现预测分析\release\第三次上机--递归下降实现预测分析.ipdb
f:\编译原理上机\第三次上机--递归下降实现预测分析\release\第三次上机--递归下降实现预测分析.iobj
f:\编译原理上机\第三次上机--递归下降实现预测分析 - 副本\release\第三次上机--递归下降实现预测分析.ipdb
f:\编译原理上机\第三次上机--递归下降实现预测分析 - 副本\release\第三次上机--递归下降实现预测分析.iobj
f:\编译原理上机\第三次上机--递归下降实现预测分析 - 副本\第三次上机--递归下降实现预测分析\release\第三次上机--递.ca823216.tlog\cl.command.1.tlog
f:\编译原理上机\第三次上机--递归下降实现预测分析 - 副本\第三次上机--递归下降实现预测分析\release\第三次上机--递.ca823216.tlog\cl.read.1.tlog
f:\编译原理上机\第三次上机--递归下降实现预测分析 - 副本\第三次上机--递归下降实现预测分析\release\第三次上机--递.ca823216.tlog\cl.write.1.tlog
f:\编译原理上机\第三次上机--递归下降实现预测分析 - 副本\第三次上机--递归下降实现预测分析\release\第三次上机--递.ca823216.tlog\link.command.1.tlog
f:\编译原理上机\第三次上机--递归下降实现预测分析 - 副本\第三次上机--递归下降实现预测分析\release\第三次上机--递.ca823216.tlog\link.read.1.tlog
f:\编译原理上机\第三次上机--递归下降实现预测分析 - 副本\第三次上机--递归下降实现预测分析\release\第三次上机--递.ca823216.tlog\link.write.1.tlog
f:\编译原理上机\第三次上机--递归下降实现预测分析 - 副本\第三次上机--递归下降实现预测分析\release\第三次上机--递.ca823216.tlog\第三次上机--递归下降实现预测分析.write.1u.tlog
